C:\USERS\GöKHAN\DOCUMENTS\VISUAL STUDIO 2012\PROJECTS\STACKIMPLEMENTATION\STACKIMPLEMENTATION\DEBUG\STACKIMPLEMENTATION.OBJ
C:\USERS\GöKHAN\DOCUMENTS\VISUAL STUDIO 2012\PROJECTS\STACKIMPLEMENTATION\STACKIMPLEMENTATION\DEBUG\STACKTYPE.OBJ
C:\USERS\GöKHAN\DOCUMENTS\VISUAL STUDIO 2012\PROJECTS\STACKIMPLEMENTATION\STACKIMPLEMENTATION\DEBUG\STDAFX.OBJ
C:\USERS\GÖKHAN\DOCUMENTS\VISUAL STUDIO 2012\PROJECTS\STACKIMPLEMENTATION\STACKIMPLEMENTATION\DEBUG\VC110.PDB
c:\Users\Gökhan\documents\visual studio 2012\Projects\StackImplementation\StackImplementation\Debug\StackImplementation.obj
c:\Users\Gökhan\documents\visual studio 2012\Projects\StackImplementation\StackImplementation\Debug\StackType.obj
c:\Users\Gökhan\documents\visual studio 2012\Projects\StackImplementation\StackImplementation\Debug\stdafx.obj
c:\Users\Gökhan\documents\visual studio 2012\Projects\StackImplementation\StackImplementation\Debug\cl.command.1.tlog
c:\Users\Gökhan\documents\visual studio 2012\Projects\StackImplementation\StackImplementation\Debug\CL.read.1.tlog
c:\Users\Gökhan\documents\visual studio 2012\Projects\StackImplementation\StackImplementation\Debug\CL.write.1.tlog
c:\Users\Gökhan\documents\visual studio 2012\Projects\StackImplementation\StackImplementation\Debug\link-cvtres.read.1.tlog
c:\Users\Gökhan\documents\visual studio 2012\Projects\StackImplementation\StackImplementation\Debug\link-cvtres.write.1.tlog
c:\Users\Gökhan\documents\visual studio 2012\Projects\StackImplementation\StackImplementation\Debug\link-rc.read.1.tlog
c:\Users\Gökhan\documents\visual studio 2012\Projects\StackImplementation\StackImplementation\Debug\link-rc.write.1.tlog
c:\Users\Gökhan\documents\visual studio 2012\Projects\StackImplementation\StackImplementation\Debug\link.command.1.tlog
c:\Users\Gökhan\documents\visual studio 2012\Projects\StackImplementation\StackImplementation\Debug\link.read.1.tlog
c:\Users\Gökhan\documents\visual studio 2012\Projects\StackImplementation\StackImplementation\Debug\link.write.1.tlog
c:\Users\Gökhan\documents\visual studio 2012\Projects\StackImplementation\StackImplementation\Debug\vc110.idb
c:\Users\Gökhan\documents\visual studio 2012\Projects\StackImplementation\StackImplementation\Debug\vc110.pdb
c:\users\gökhan\documents\visual studio 2012\Projects\StackImplementation\Debug\StackImplementation.pdb
